<?xml version="1.0" encoding="UTF-8"?>
<!-- Generated by org.testng.reporters.JUnitReportReporter -->
<testsuite hostname="Khangs-MacBook-Pro.local" failures="0" tests="2" name="JavaStream.test1" time="0.008" errors="0" timestamp="2023-08-23T10:07:26 CDT" skipped="0">
  <testcase classname="JavaStream.test1" name="regular" time="0.005"/>
  <testcase classname="JavaStream.test1" name="streamFilter" time="0.003"/>
</testsuite> <!-- JavaStream.test1 -->
